<?xml version="1.0" encoding="UTF-8"?>
<!-- Generated by org.testng.reporters.JUnitXMLReporter -->
<testsuite hostname="Durjan" ignored="3" name="Test" tests="3" failures="0" timestamp="10 Jan 2021 08:24:31 GMT" time="11.561" errors="0">
  <testcase name="testCase1" time="10.751" classname="org.testing.TestScripts.TC01_Post_TestCase"/>
  <testcase name="testCase2" time="0.482" classname="org.testing.TestScripts.TC02_Get_AllData_TestCase"/>
  <testcase name="testCase6" time="0.09" classname="org.testing.TestScripts.TC06_Delete_TestCase"/>
  <testcase name="testCase4" time="0.0" classname="org.testing.TestScripts.TC04_Put_TestCase">
    <ignored/>
  </testcase> <!-- testCase4 -->
  <testcase name="testCase5" time="0.0" classname="org.testing.TestScripts.TC05_Patch_TestCase">
    <ignored/>
  </testcase> <!-- testCase5 -->
  <testcase name="testCase3" time="0.0" classname="org.testing.TestScripts.TC03_Get_WithEndpoints_TestCase">
    <ignored/>
  </testcase> <!-- testCase3 -->
</testsuite> <!-- Test -->
