<?xml version="1.0" encoding="UTF-8"?>
<!-- Generated by org.testng.reporters.JUnitXMLReporter -->
<testsuite hostname="Durjan" ignored="3" name="Test" tests="3" failures="0" timestamp="09 Jan 2021 00:52:18 GMT" time="30.639" errors="0">
  <testcase name="testCase1" time="29.099" classname="org.testing.TestScripts.TC01_Post_TestCase"/>
  <testcase name="testCase2" time="0.922" classname="org.testing.TestScripts.TC02_Get_AllData_TestCase"/>
  <testcase name="testCase6" time="0.119" classname="org.testing.TestScripts.TC06_Delete_TestCase"/>
  <testcase name="testCase4" time="0.0" classname="org.testing.TestScripts.TC04_Put_TestCase">
    <ignored/>
  </testcase> <!-- testCase4 -->
  <testcase name="testCase5" time="0.0" classname="org.testing.TestScripts.TC05_Patch_TestCase">
    <ignored/>
  </testcase> <!-- testCase5 -->
  <testcase name="testCase3" time="0.0" classname="org.testing.TestScripts.TC03_Get_WithEndpoints_TestCase">
    <ignored/>
  </testcase> <!-- testCase3 -->
</testsuite> <!-- Test -->
