<?xml version="1.0" encoding="UTF-8"?>
<testng-results skipped="0" failed="0" ignored="0" total="1" passed="1">
  <reporter-output>
  </reporter-output>
  <suite name="Default suite" duration-ms="14774" started-at="2021-07-26T12:36:19Z" finished-at="2021-07-26T12:36:33Z">
    <groups>
    </groups>
    <test name="Default test" duration-ms="14774" started-at="2021-07-26T12:36:19Z" finished-at="2021-07-26T12:36:33Z">
      <class name="org.testing.TestScripts.TC01_Post_TestCase">
        <test-method status="PASS" signature="testCase1()[pri:0, instance:org.testing.TestScripts.TC01_Post_TestCase@2145433b]" name="testCase1" duration-ms="14575" started-at="2021-07-26T18:06:19Z" finished-at="2021-07-26T18:06:33Z">
          <reporter-output>
          </reporter-output>
        </test-method> <!-- testCase1 -->
      </class> <!-- org.testing.TestScripts.TC01_Post_TestCase -->
    </test> <!-- Default test -->
  </suite> <!-- Default suite -->
</testng-results>
